  Array.cpp
C:\Users\olegv\OneDrive\Робочий стіл\Lab ООП\lab6\lab6.2\lab6.2\Array.h(26,7): warning C4290: спецификация исключений C++ игнорируется, кроме случая, когда указывается, что функция не является __declspec(nothrow)
C:\Users\olegv\OneDrive\Робочий стіл\Lab ООП\lab6\lab6.2\lab6.2\Array.h(27,7): warning C4290: спецификация исключений C++ игнорируется, кроме случая, когда указывается, что функция не является __declspec(nothrow)
C:\Users\olegv\OneDrive\Робочий стіл\Lab ООП\lab6\lab6.2\lab6.2\Array.h(29,7): warning C4290: спецификация исключений C++ игнорируется, кроме случая, когда указывается, что функция не является __declspec(nothrow)
C:\Users\olegv\OneDrive\Робочий стіл\Lab ООП\lab6\lab6.2\lab6.2\Array.cpp(11,24): warning C4267: =: преобразование из "size_t" в "Array::UINT"; возможна потеря данных
C:\Users\olegv\OneDrive\Робочий стіл\Lab ООП\lab6\lab6.2\lab6.2\Array.cpp(19,29): warning C4290: спецификация исключений C++ игнорируется, кроме случая, когда указывается, что функция не является __declspec(nothrow)
C:\Users\olegv\OneDrive\Робочий стіл\Lab ООП\lab6\lab6.2\lab6.2\Array.cpp(28,13): warning C4244: =: преобразование "__int64" в "Array::UINT", возможна потеря данных
C:\Users\olegv\OneDrive\Робочий стіл\Lab ООП\lab6\lab6.2\lab6.2\Array.cpp(41,29): warning C4290: спецификация исключений C++ игнорируется, кроме случая, когда указывается, что функция не является __declspec(nothrow)
C:\Users\olegv\OneDrive\Робочий стіл\Lab ООП\lab6\lab6.2\lab6.2\Array.cpp(50,16): warning C4267: =: преобразование из "size_t" в "Array::UINT"; возможна потеря данных
C:\Users\olegv\OneDrive\Робочий стіл\Lab ООП\lab6\lab6.2\lab6.2\Array.cpp(61,45): warning C4290: спецификация исключений C++ игнорируется, кроме случая, когда указывается, что функция не является __declspec(nothrow)
C:\Users\olegv\OneDrive\Робочий стіл\Lab ООП\lab6\lab6.2\lab6.2\Array.cpp(120,66): warning C4290: спецификация исключений C++ игнорируется, кроме случая, когда указывается, что функция не является __declspec(nothrow)
C:\Users\olegv\OneDrive\Робочий стіл\Lab ООП\lab6\lab6.2\lab6.2\Array.cpp(121,1): warning C5043: "Array::operator []": спецификация исключения не соответствует предыдущему объявлению
C:\Users\olegv\OneDrive\Робочий стіл\Lab ООП\lab6\lab6.2\lab6.2\Array.h(40): message : см. объявление "Array::operator []"
C:\Users\olegv\OneDrive\Робочий стіл\Lab ООП\lab6\lab6.2\lab6.2\Array.cpp(127,78): warning C4290: спецификация исключений C++ игнорируется, кроме случая, когда указывается, что функция не является __declspec(nothrow)
C:\Users\olegv\OneDrive\Робочий стіл\Lab ООП\lab6\lab6.2\lab6.2\Array.cpp(128,1): warning C5043: "Array::operator []": спецификация исключения не соответствует предыдущему объявлению
C:\Users\olegv\OneDrive\Робочий стіл\Lab ООП\lab6\lab6.2\lab6.2\Array.h(41): message : см. объявление "Array::operator []"
C:\Users\olegv\OneDrive\Робочий стіл\Lab ООП\lab6\lab6.2\lab6.2\Array.cpp(141,15): warning C4267: аргумент: преобразование из "size_t" в "Array::UINT"; возможна потеря данных
C:\Users\olegv\OneDrive\Робочий стіл\Lab ООП\lab6\lab6.2\lab6.2\Array.cpp(150,14): warning C4267: аргумент: преобразование из "size_t" в "Array::UINT"; возможна потеря данных
  Source.cpp
C:\Users\olegv\OneDrive\Робочий стіл\Lab ООП\lab6\lab6.2\lab6.2\Array.h(26,7): warning C4290: спецификация исключений C++ игнорируется, кроме случая, когда указывается, что функция не является __declspec(nothrow)
C:\Users\olegv\OneDrive\Робочий стіл\Lab ООП\lab6\lab6.2\lab6.2\Array.h(27,7): warning C4290: спецификация исключений C++ игнорируется, кроме случая, когда указывается, что функция не является __declspec(nothrow)
C:\Users\olegv\OneDrive\Робочий стіл\Lab ООП\lab6\lab6.2\lab6.2\Array.h(29,7): warning C4290: спецификация исключений C++ игнорируется, кроме случая, когда указывается, что функция не является __declspec(nothrow)
  Создание кода...
  lab6.2.vcxproj -> C:\Users\olegv\OneDrive\Робочий стіл\Lab ООП\lab6\lab6.2\x64\Debug\lab6.2.exe
